androidApp/android/app/build/intermediates/manifest_merge_blame_file/debug/manifest-merger-blame-debug-report.txt
1<?xml version="1.0" encoding="utf-8"?>
2<manifest xmlns:android="http://schemas.android.com/apk/res/android"
3    package="com.mygpsapp"
4    android:versionCode="1"
5    android:versionName="1.0" >
6
7    <uses-sdk
8        android:minSdkVersion="21"
9        android:targetSdkVersion="29" />
10
11    <uses-permission android:name="android.permission.SYSTEM_ALERT_WINDOW" />
11-->src/debug/AndroidManifest.xml:5:5-77
11-->src/debug/AndroidManifest.xml:5:22-75
12    <uses-permission android:name="android.permission.ACCESS_FINE_LOCATION" />
12-->src/main/AndroidManifest.xml:5:5-79
12-->src/main/AndroidManifest.xml:5:22-76
13    <uses-permission android:name="android.permission.ACCESS_COARSE_LOCATION" />
13-->src/main/AndroidManifest.xml:6:5-81
13-->src/main/AndroidManifest.xml:6:22-78
14    <uses-permission android:name="android.permission.INTERNET" />
14-->src/main/AndroidManifest.xml:4:5-67
14-->src/main/AndroidManifest.xml:4:22-64
15    <uses-permission android:name="android.permission.ACCESS_WIFI_STATE" />
15-->[com.facebook.flipper:flipper:0.75.1] AndroidManifest.xml:16:5-76
15-->[com.facebook.flipper:flipper:0.75.1] AndroidManifest.xml:16:22-73
16    <uses-permission android:name="android.permission.WAKE_LOCK" />
16-->[androidx.work:work-runtime:2.5.0] AndroidManifest.xml:25:5-68
16-->[androidx.work:work-runtime:2.5.0] AndroidManifest.xml:25:22-65
17    <uses-permission android:name="android.permission.ACCESS_NETWORK_STATE" />
17-->[androidx.work:work-runtime:2.5.0] AndroidManifest.xml:26:5-79
17-->[androidx.work:work-runtime:2.5.0] AndroidManifest.xml:26:22-76
18    <uses-permission android:name="android.permission.RECEIVE_BOOT_COMPLETED" />
18-->[androidx.work:work-runtime:2.5.0] AndroidManifest.xml:27:5-81
18-->[androidx.work:work-runtime:2.5.0] AndroidManifest.xml:27:22-78
19    <uses-permission android:name="android.permission.FOREGROUND_SERVICE" />
19-->[androidx.work:work-runtime:2.5.0] AndroidManifest.xml:28:5-77
19-->[androidx.work:work-runtime:2.5.0] AndroidManifest.xml:28:22-74
20
21    <uses-feature
21-->[com.google.android.gms:play-services-maps:18.0.2] AndroidManifest.xml:26:5-28:35
22        android:glEsVersion="0x00020000"
22-->[com.google.android.gms:play-services-maps:18.0.2] AndroidManifest.xml:27:9-41
23        android:required="true" />
23-->[com.google.android.gms:play-services-maps:18.0.2] AndroidManifest.xml:28:9-32
24
25    <queries>
25-->[com.google.android.gms:play-services-maps:18.0.2] AndroidManifest.xml:30:5-34:15
26
27        <!-- Needs to be explicitly declared on Android R+ -->
28        <package android:name="com.google.android.apps.maps" />
28-->[com.google.android.gms:play-services-maps:18.0.2] AndroidManifest.xml:33:9-64
28-->[com.google.android.gms:play-services-maps:18.0.2] AndroidManifest.xml:33:18-61
29    </queries>
30
31    <application
31-->src/main/AndroidManifest.xml:7:5-29:19
32        android:name="com.mygpsapp.MainApplication"
32-->src/main/AndroidManifest.xml:8:7-38
33        android:allowBackup="false"
33-->src/main/AndroidManifest.xml:12:7-34
34        android:appComponentFactory="androidx.core.app.CoreComponentFactory"
34-->[androidx.core:core:1.6.0] AndroidManifest.xml:24:18-86
35        android:debuggable="true"
36        android:icon="@mipmap/ic_launcher"
36-->src/main/AndroidManifest.xml:10:7-41
37        android:label="@string/app_name"
37-->src/main/AndroidManifest.xml:9:7-39
38        android:roundIcon="@mipmap/ic_launcher_round"
38-->src/main/AndroidManifest.xml:11:7-52
39        android:theme="@style/AppTheme"
39-->src/main/AndroidManifest.xml:13:7-38
40        android:usesCleartextTraffic="true" >
40-->src/debug/AndroidManifest.xml:10:9-44
41        <activity android:name="com.facebook.react.devsupport.DevSettingsActivity" />
41-->src/debug/AndroidManifest.xml:13:9-86
41-->src/debug/AndroidManifest.xml:13:19-83
42
43        <meta-data
43-->src/main/AndroidManifest.xml:14:7-16:66
44            android:name="com.google.android.geo.API_KEY"
44-->src/main/AndroidManifest.xml:15:9-54
45            android:value="AIzaSyAe_vv73o1xZjc8lTB0fgCac66KfKSdLtg" />
45-->src/main/AndroidManifest.xml:16:9-64
46
47        <activity
47-->src/main/AndroidManifest.xml:17:7-28:18
48            android:name="com.mygpsapp.MainActivity"
48-->src/main/AndroidManifest.xml:18:9-37
49            android:configChanges="keyboard|keyboardHidden|orientation|screenSize|uiMode"
49-->src/main/AndroidManifest.xml:20:9-86
50            android:label="@string/app_name"
50-->src/main/AndroidManifest.xml:19:9-41
51            android:launchMode="singleTask"
51-->src/main/AndroidManifest.xml:21:9-40
52            android:screenOrientation="portrait"
52-->src/main/AndroidManifest.xml:23:9-47
53            android:windowSoftInputMode="adjustResize" >
53-->src/main/AndroidManifest.xml:22:9-51
54            <intent-filter>
54-->src/main/AndroidManifest.xml:24:9-27:25
55                <action android:name="android.intent.action.MAIN" />
55-->src/main/AndroidManifest.xml:25:13-65
55-->src/main/AndroidManifest.xml:25:21-62
56
57                <category android:name="android.intent.category.LAUNCHER" />
57-->src/main/AndroidManifest.xml:26:13-73
57-->src/main/AndroidManifest.xml:26:23-70
58            </intent-filter>
59        </activity>
60
61        <provider
61-->[:react-native-webview] AndroidManifest.xml:12:9-20:20
62            android:name="com.reactnativecommunity.webview.RNCWebViewFileProvider"
62-->[:react-native-webview] AndroidManifest.xml:13:13-83
63            android:authorities="com.mygpsapp.fileprovider"
63-->[:react-native-webview] AndroidManifest.xml:14:13-64
64            android:exported="false"
64-->[:react-native-webview] AndroidManifest.xml:15:13-37
65            android:grantUriPermissions="true" >
65-->[:react-native-webview] AndroidManifest.xml:16:13-47
66            <meta-data
66-->[:react-native-webview] AndroidManifest.xml:17:13-19:63
67                android:name="android.support.FILE_PROVIDER_PATHS"
67-->[:react-native-webview] AndroidManifest.xml:18:17-67
68                android:resource="@xml/file_provider_paths" />
68-->[:react-native-webview] AndroidManifest.xml:19:17-60
69        </provider>
70        <provider
70-->[androidx.work:work-runtime:2.5.0] AndroidManifest.xml:31:9-37:35
71            android:name="androidx.work.impl.WorkManagerInitializer"
71-->[androidx.work:work-runtime:2.5.0] AndroidManifest.xml:32:13-69
72            android:authorities="com.mygpsapp.workmanager-init"
72-->[androidx.work:work-runtime:2.5.0] AndroidManifest.xml:33:13-68
73            android:directBootAware="false"
73-->[androidx.work:work-runtime:2.5.0] AndroidManifest.xml:34:13-44
74            android:exported="false"
74-->[androidx.work:work-runtime:2.5.0] AndroidManifest.xml:35:13-37
75            android:multiprocess="true" />
75-->[androidx.work:work-runtime:2.5.0] AndroidManifest.xml:36:13-40
76
77        <service
77-->[androidx.work:work-runtime:2.5.0] AndroidManifest.xml:39:9-44:35
78            android:name="androidx.work.impl.background.systemalarm.SystemAlarmService"
78-->[androidx.work:work-runtime:2.5.0] AndroidManifest.xml:40:13-88
79            android:directBootAware="false"
79-->[androidx.work:work-runtime:2.5.0] AndroidManifest.xml:41:13-44
80            android:enabled="@bool/enable_system_alarm_service_default"
80-->[androidx.work:work-runtime:2.5.0] AndroidManifest.xml:42:13-72
81            android:exported="false" />
81-->[androidx.work:work-runtime:2.5.0] AndroidManifest.xml:43:13-37
82        <service
82-->[androidx.work:work-runtime:2.5.0] AndroidManifest.xml:45:9-51:35
83            android:name="androidx.work.impl.background.systemjob.SystemJobService"
83-->[androidx.work:work-runtime:2.5.0] AndroidManifest.xml:46:13-84
84            android:directBootAware="false"
84-->[androidx.work:work-runtime:2.5.0] AndroidManifest.xml:47:13-44
85            android:enabled="@bool/enable_system_job_service_default"
85-->[androidx.work:work-runtime:2.5.0] AndroidManifest.xml:48:13-70
86            android:exported="true"
86-->[androidx.work:work-runtime:2.5.0] AndroidManifest.xml:49:13-36
87            android:permission="android.permission.BIND_JOB_SERVICE" />
87-->[androidx.work:work-runtime:2.5.0] AndroidManifest.xml:50:13-69
88        <service
88-->[androidx.work:work-runtime:2.5.0] AndroidManifest.xml:52:9-57:35
89            android:name="androidx.work.impl.foreground.SystemForegroundService"
89-->[androidx.work:work-runtime:2.5.0] AndroidManifest.xml:53:13-81
90            android:directBootAware="false"
90-->[androidx.work:work-runtime:2.5.0] AndroidManifest.xml:54:13-44
91            android:enabled="@bool/enable_system_foreground_service_default"
91-->[androidx.work:work-runtime:2.5.0] AndroidManifest.xml:55:13-77
92            android:exported="false" />
92-->[androidx.work:work-runtime:2.5.0] AndroidManifest.xml:56:13-37
93
94        <receiver
94-->[androidx.work:work-runtime:2.5.0] AndroidManifest.xml:59:9-64:35
95            android:name="androidx.work.impl.utils.ForceStopRunnable$BroadcastReceiver"
95-->[androidx.work:work-runtime:2.5.0] AndroidManifest.xml:60:13-88
96            android:directBootAware="false"
96-->[androidx.work:work-runtime:2.5.0] AndroidManifest.xml:61:13-44
97            android:enabled="true"
97-->[androidx.work:work-runtime:2.5.0] AndroidManifest.xml:62:13-35
98            android:exported="false" />
98-->[androidx.work:work-runtime:2.5.0] AndroidManifest.xml:63:13-37
99        <receiver
99-->[androidx.work:work-runtime:2.5.0] AndroidManifest.xml:65:9-75:20
100            android:name="androidx.work.impl.background.systemalarm.ConstraintProxy$BatteryChargingProxy"
100-->[androidx.work:work-runtime:2.5.0] AndroidManifest.xml:66:13-106
101            android:directBootAware="false"
101-->[androidx.work:work-runtime:2.5.0] AndroidManifest.xml:67:13-44
102            android:enabled="false"
102-->[androidx.work:work-runtime:2.5.0] AndroidManifest.xml:68:13-36
103            android:exported="false" >
103-->[androidx.work:work-runtime:2.5.0] AndroidManifest.xml:69:13-37
104            <intent-filter>
104-->[androidx.work:work-runtime:2.5.0] AndroidManifest.xml:71:13-74:29
105                <action android:name="android.intent.action.ACTION_POWER_CONNECTED" />
105-->[androidx.work:work-runtime:2.5.0] AndroidManifest.xml:72:17-87
105-->[androidx.work:work-runtime:2.5.0] AndroidManifest.xml:72:25-84
106                <action android:name="android.intent.action.ACTION_POWER_DISCONNECTED" />
106-->[androidx.work:work-runtime:2.5.0] AndroidManifest.xml:73:17-90
106-->[androidx.work:work-runtime:2.5.0] AndroidManifest.xml:73:25-87
107            </intent-filter>
108        </receiver>
109        <receiver
109-->[androidx.work:work-runtime:2.5.0] AndroidManifest.xml:76:9-86:20
110            android:name="androidx.work.impl.background.systemalarm.ConstraintProxy$BatteryNotLowProxy"
110-->[androidx.work:work-runtime:2.5.0] AndroidManifest.xml:77:13-104
111            android:directBootAware="false"
111-->[androidx.work:work-runtime:2.5.0] AndroidManifest.xml:78:13-44
112            android:enabled="false"
112-->[androidx.work:work-runtime:2.5.0] AndroidManifest.xml:79:13-36
113            android:exported="false" >
113-->[androidx.work:work-runtime:2.5.0] AndroidManifest.xml:80:13-37
114            <intent-filter>
114-->[androidx.work:work-runtime:2.5.0] AndroidManifest.xml:82:13-85:29
115                <action android:name="android.intent.action.BATTERY_OKAY" />
115-->[androidx.work:work-runtime:2.5.0] AndroidManifest.xml:83:17-77
115-->[androidx.work:work-runtime:2.5.0] AndroidManifest.xml:83:25-74
116                <action android:name="android.intent.action.BATTERY_LOW" />
116-->[androidx.work:work-runtime:2.5.0] AndroidManifest.xml:84:17-76
116-->[androidx.work:work-runtime:2.5.0] AndroidManifest.xml:84:25-73
117            </intent-filter>
118        </receiver>
119        <receiver
119-->[androidx.work:work-runtime:2.5.0] AndroidManifest.xml:87:9-97:20
120            android:name="androidx.work.impl.background.systemalarm.ConstraintProxy$StorageNotLowProxy"
120-->[androidx.work:work-runtime:2.5.0] AndroidManifest.xml:88:13-104
121            android:directBootAware="false"
121-->[androidx.work:work-runtime:2.5.0] AndroidManifest.xml:89:13-44
122            android:enabled="false"
122-->[androidx.work:work-runtime:2.5.0] AndroidManifest.xml:90:13-36
123            android:exported="false" >
123-->[androidx.work:work-runtime:2.5.0] AndroidManifest.xml:91:13-37
124            <intent-filter>
124-->[androidx.work:work-runtime:2.5.0] AndroidManifest.xml:93:13-96:29
125                <action android:name="android.intent.action.DEVICE_STORAGE_LOW" />
125-->[androidx.work:work-runtime:2.5.0] AndroidManifest.xml:94:17-83
125-->[androidx.work:work-runtime:2.5.0] AndroidManifest.xml:94:25-80
126                <action android:name="android.intent.action.DEVICE_STORAGE_OK" />
126-->[androidx.work:work-runtime:2.5.0] AndroidManifest.xml:95:17-82
126-->[androidx.work:work-runtime:2.5.0] AndroidManifest.xml:95:25-79
127            </intent-filter>
128        </receiver>
129        <receiver
129-->[androidx.work:work-runtime:2.5.0] AndroidManifest.xml:98:9-107:20
130            android:name="androidx.work.impl.background.systemalarm.ConstraintProxy$NetworkStateProxy"
130-->[androidx.work:work-runtime:2.5.0] AndroidManifest.xml:99:13-103
131            android:directBootAware="false"
131-->[androidx.work:work-runtime:2.5.0] AndroidManifest.xml:100:13-44
132            android:enabled="false"
132-->[androidx.work:work-runtime:2.5.0] AndroidManifest.xml:101:13-36
133            android:exported="false" >
133-->[androidx.work:work-runtime:2.5.0] AndroidManifest.xml:102:13-37
134            <intent-filter>
134-->[androidx.work:work-runtime:2.5.0] AndroidManifest.xml:104:13-106:29
135                <action android:name="android.net.conn.CONNECTIVITY_CHANGE" />
135-->[androidx.work:work-runtime:2.5.0] AndroidManifest.xml:105:17-79
135-->[androidx.work:work-runtime:2.5.0] AndroidManifest.xml:105:25-76
136            </intent-filter>
137        </receiver>
138        <receiver
138-->[androidx.work:work-runtime:2.5.0] AndroidManifest.xml:108:9-119:20
139            android:name="androidx.work.impl.background.systemalarm.RescheduleReceiver"
139-->[androidx.work:work-runtime:2.5.0] AndroidManifest.xml:109:13-88
140            android:directBootAware="false"
140-->[androidx.work:work-runtime:2.5.0] AndroidManifest.xml:110:13-44
141            android:enabled="false"
141-->[androidx.work:work-runtime:2.5.0] AndroidManifest.xml:111:13-36
142            android:exported="false" >
142-->[androidx.work:work-runtime:2.5.0] AndroidManifest.xml:112:13-37
143            <intent-filter>
143-->[androidx.work:work-runtime:2.5.0] AndroidManifest.xml:114:13-118:29
144                <action android:name="android.intent.action.BOOT_COMPLETED" />
144-->[androidx.work:work-runtime:2.5.0] AndroidManifest.xml:115:17-79
144-->[androidx.work:work-runtime:2.5.0] AndroidManifest.xml:115:25-76
145                <action android:name="android.intent.action.TIME_SET" />
145-->[androidx.work:work-runtime:2.5.0] AndroidManifest.xml:116:17-73
145-->[androidx.work:work-runtime:2.5.0] AndroidManifest.xml:116:25-70
146                <action android:name="android.intent.action.TIMEZONE_CHANGED" />
146-->[androidx.work:work-runtime:2.5.0] AndroidManifest.xml:117:17-81
146-->[androidx.work:work-runtime:2.5.0] AndroidManifest.xml:117:25-78
147            </intent-filter>
148        </receiver>
149        <receiver
149-->[androidx.work:work-runtime:2.5.0] AndroidManifest.xml:120:9-129:20
150            android:name="androidx.work.impl.background.systemalarm.ConstraintProxyUpdateReceiver"
150-->[androidx.work:work-runtime:2.5.0] AndroidManifest.xml:121:13-99
151            android:directBootAware="false"
151-->[androidx.work:work-runtime:2.5.0] AndroidManifest.xml:122:13-44
152            android:enabled="@bool/enable_system_alarm_service_default"
152-->[androidx.work:work-runtime:2.5.0] AndroidManifest.xml:123:13-72
153            android:exported="false" >
153-->[androidx.work:work-runtime:2.5.0] AndroidManifest.xml:124:13-37
154            <intent-filter>
154-->[androidx.work:work-runtime:2.5.0] AndroidManifest.xml:126:13-128:29
155                <action android:name="androidx.work.impl.background.systemalarm.UpdateProxies" />
155-->[androidx.work:work-runtime:2.5.0] AndroidManifest.xml:127:17-98
155-->[androidx.work:work-runtime:2.5.0] AndroidManifest.xml:127:25-95
156            </intent-filter>
157        </receiver>
158        <receiver
158-->[androidx.work:work-runtime:2.5.0] AndroidManifest.xml:130:9-140:20
159            android:name="androidx.work.impl.diagnostics.DiagnosticsReceiver"
159-->[androidx.work:work-runtime:2.5.0] AndroidManifest.xml:131:13-78
160            android:directBootAware="false"
160-->[androidx.work:work-runtime:2.5.0] AndroidManifest.xml:132:13-44
161            android:enabled="true"
161-->[androidx.work:work-runtime:2.5.0] AndroidManifest.xml:133:13-35
162            android:exported="true"
162-->[androidx.work:work-runtime:2.5.0] AndroidManifest.xml:134:13-36
163            android:permission="android.permission.DUMP" >
163-->[androidx.work:work-runtime:2.5.0] AndroidManifest.xml:135:13-57
164            <intent-filter>
164-->[androidx.work:work-runtime:2.5.0] AndroidManifest.xml:137:13-139:29
165                <action android:name="androidx.work.diagnostics.REQUEST_DIAGNOSTICS" />
165-->[androidx.work:work-runtime:2.5.0] AndroidManifest.xml:138:17-88
165-->[androidx.work:work-runtime:2.5.0] AndroidManifest.xml:138:25-85
166            </intent-filter>
167        </receiver>
168
169        <service
169-->[androidx.room:room-runtime:2.2.5] AndroidManifest.xml:25:9-28:40
170            android:name="androidx.room.MultiInstanceInvalidationService"
170-->[androidx.room:room-runtime:2.2.5] AndroidManifest.xml:26:13-74
171            android:directBootAware="true"
171-->[androidx.room:room-runtime:2.2.5] AndroidManifest.xml:27:13-43
172            android:exported="false" /> <!-- Needs to be explicitly declared on P+ -->
172-->[androidx.room:room-runtime:2.2.5] AndroidManifest.xml:28:13-37
173        <uses-library
173-->[com.google.android.gms:play-services-maps:18.0.2] AndroidManifest.xml:39:9-41:40
174            android:name="org.apache.http.legacy"
174-->[com.google.android.gms:play-services-maps:18.0.2] AndroidManifest.xml:40:13-50
175            android:required="false" />
175-->[com.google.android.gms:play-services-maps:18.0.2] AndroidManifest.xml:41:13-37
176
177        <activity
177-->[com.google.android.gms:play-services-base:18.1.0] AndroidManifest.xml:20:9-22:45
178            android:name="com.google.android.gms.common.api.GoogleApiActivity"
178-->[com.google.android.gms:play-services-base:18.1.0] AndroidManifest.xml:20:19-85
179            android:exported="false"
179-->[com.google.android.gms:play-services-base:18.1.0] AndroidManifest.xml:22:19-43
180            android:theme="@android:style/Theme.Translucent.NoTitleBar" />
180-->[com.google.android.gms:play-services-base:18.1.0] AndroidManifest.xml:21:19-78
181
182        <meta-data
182-->[com.google.android.gms:play-services-basement:18.1.0] AndroidManifest.xml:21:9-23:69
183            android:name="com.google.android.gms.version"
183-->[com.google.android.gms:play-services-basement:18.1.0] AndroidManifest.xml:22:13-58
184            android:value="@integer/google_play_services_version" />
184-->[com.google.android.gms:play-services-basement:18.1.0] AndroidManifest.xml:23:13-66
185    </application>
186
187</manifest>